This is pdfTeX, Version 3.14159265-2.6-1.40.16 (TeX Live 2015) (preloaded format=pdflatex 2016.5.20)  5 APR 2018 13:48
entering extended mode
 restricted \write18 enabled.
 file:line:error style messages enabled.
 %&-line parsing enabled.
**config.tex
(./config.tex
LaTeX2e <2015/01/01>
Babel <3.9l> and hyphenation patterns for 79 languages loaded.
./config.tex:11: Undefined control sequence.
<argument> \undefinedpagestyle 
                               
l.11 \pagestyle{fancyplain}
                            %Fancy headers con separación de comportamiento ...

? 
./config.tex:11: Emergency stop.
<argument> \undefinedpagestyle 
                               
l.11 \pagestyle{fancyplain}
                            %Fancy headers con separación de comportamiento ...
End of file on the terminal!

 
Here is how much of TeX's memory you used:
 6 strings out of 493089
 136 string characters out of 6134842
 53199 words of memory out of 5000000
 3591 multiletter control sequences out of 15000+600000
 3640 words of font info for 14 fonts, out of 8000000 for 9000
 1141 hyphenation exceptions out of 8191
 5i,0n,2p,130b,8s stack positions out of 5000i,500n,10000p,200000b,80000s
./config.tex:11:  ==> Fatal error occurred, no output PDF file produced!
